<?xml version="1.0" encoding="UTF-8"?>
<!-- Generated by org.testng.reporters.JUnitReportReporter -->
<testsuite hostname="QSP-ManSingh" name="com.ProjectName.ModuleName.newTestCase.NewTestCaseForGmail" tests="1" failures="0" timestamp="13 Sep 2019 07:58:33 GMT" time="12.844" errors="0">
  <testcase name="gmailTest" time="12.844" classname="com.ProjectName.ModuleName.newTestCase.NewTestCaseForGmail"/>
</testsuite> <!-- com.ProjectName.ModuleName.newTestCase.NewTestCaseForGmail -->
